Wed Dec 12 2018 18:36:29 GMT-0500 (Eastern Standard Time): GET - /
Wed Dec 12 2018 18:36:32 GMT-0500 (Eastern Standard Time): GET - /about
Wed Dec 12 2018 18:36:52 GMT-0500 (Eastern Standard Time): GET - /
Wed Dec 12 2018 18:38:54 GMT-0500 (Eastern Standard Time): GET - /
Wed Dec 12 2018 18:39:50 GMT-0500 (Eastern Standard Time): GET - /wtf
Wed Dec 12 2018 18:44:10 GMT-0500 (Eastern Standard Time): GET - /
Wed Dec 12 2018 18:47:13 GMT-0500 (Eastern Standard Time): GET - /
Wed Dec 12 2018 18:51:25 GMT-0500 (Eastern Standard Time): GET - /
Wed Dec 12 2018 18:51:32 GMT-0500 (Eastern Standard Time): GET - /help.html
Thu Dec 13 2018 11:49:22 GMT-0500 (EST): GET - /
Thu Dec 13 2018 11:49:24 GMT-0500 (EST): GET - /about
Thu Dec 13 2018 11:49:27 GMT-0500 (EST): GET - /
Thu Dec 13 2018 11:49:32 GMT-0500 (EST): GET - /portfolio
Thu Dec 13 2018 11:49:39 GMT-0500 (EST): GET - /projects
Thu Dec 13 2018 11:50:11 GMT-0500 (EST): GET - /projects
Thu Dec 13 2018 11:50:13 GMT-0500 (EST): GET - /
Thu Dec 13 2018 11:50:14 GMT-0500 (EST): GET - /about
Thu Dec 13 2018 11:50:15 GMT-0500 (EST): GET - /
Thu Dec 13 2018 11:51:19 GMT-0500 (EST): GET - /
Thu Dec 13 2018 11:51:21 GMT-0500 (EST): GET - /projects
Thu Dec 13 2018 11:51:22 GMT-0500 (EST): GET - /
Thu Dec 13 2018 11:51:24 GMT-0500 (EST): GET - /about
Thu Dec 13 2018 11:51:25 GMT-0500 (EST): GET - /projects
Thu Dec 13 2018 11:51:26 GMT-0500 (EST): GET - /
Thu Dec 13 2018 11:51:30 GMT-0500 (EST): GET - /projects
